{"D:\\Web\\Netology\\ajs\\typescript\\newTypes\\src\\ts\\domain\\Movie.ts": {"path":"D:\\Web\\Netology\\ajs\\typescript\\newTypes\\src\\ts\\domain\\Movie.ts","statementMap":{"0":{"start":{"line":13,"column":0},"end":{"line":13,"column":null}},"1":{"start":{"line":15,"column":17},"end":{"line":15,"column":27}},"2":{"start":{"line":16,"column":17},"end":{"line":16,"column":29}},"3":{"start":{"line":17,"column":17},"end":{"line":17,"column":36}},"4":{"start":{"line":18,"column":17},"end":{"line":18,"column":30}},"5":{"start":{"line":19,"column":17},"end":{"line":19,"column":29}},"6":{"start":{"line":20,"column":17},"end":{"line":20,"column":32}},"7":{"start":{"line":21,"column":17},"end":{"line":21,"column":32}},"8":{"start":{"line":22,"column":17},"end":{"line":22,"column":30}},"9":{"start":{"line":23,"column":17},"end":{"line":23,"column":33}},"10":{"start":{"line":25,"column":0},"end":{"line":25,"column":null}}},"fnMap":{"0":{"name":"(anonymous_0)","decl":{"start":{"line":13,"column":0},"end":{"line":13,"column":null}},"loc":{"start":{"line":13,"column":0},"end":{"line":25,"column":null}}},"1":{"name":"Movie","decl":{"start":{"line":14,"column":4},"end":{"line":14,"column":null}},"loc":{"start":{"line":23,"column":33},"end":{"line":24,"column":9}}}},"branchMap":{},"s":{"0":1,"1":1,"2":1,"3":1,"4":1,"5":1,"6":1,"7":1,"8":1,"9":1,"10":1},"f":{"0":1,"1":1},"b":{}}
,"D:\\Web\\Netology\\ajs\\typescript\\newTypes\\src\\ts\\domain\\MusicAlbum.ts": {"path":"D:\\Web\\Netology\\ajs\\typescript\\newTypes\\src\\ts\\domain\\MusicAlbum.ts","statementMap":{"0":{"start":{"line":3,"column":0},"end":{"line":3,"column":null}},"1":{"start":{"line":5,"column":17},"end":{"line":5,"column":27}},"2":{"start":{"line":6,"column":17},"end":{"line":6,"column":29}},"3":{"start":{"line":7,"column":17},"end":{"line":7,"column":31}},"4":{"start":{"line":8,"column":17},"end":{"line":8,"column":30}},"5":{"start":{"line":10,"column":0},"end":{"line":10,"column":null}}},"fnMap":{"0":{"name":"(anonymous_0)","decl":{"start":{"line":3,"column":0},"end":{"line":3,"column":null}},"loc":{"start":{"line":3,"column":0},"end":{"line":10,"column":null}}},"1":{"name":"MusicAlbum","decl":{"start":{"line":4,"column":4},"end":{"line":4,"column":null}},"loc":{"start":{"line":8,"column":30},"end":{"line":9,"column":9}}}},"branchMap":{},"s":{"0":1,"1":1,"2":1,"3":1,"4":1,"5":1},"f":{"0":1,"1":1},"b":{}}
,"D:\\Web\\Netology\\ajs\\typescript\\newTypes\\src\\ts\\service\\Cart.ts": {"path":"D:\\Web\\Netology\\ajs\\typescript\\newTypes\\src\\ts\\service\\Cart.ts","statementMap":{"0":{"start":{"line":3,"column":0},"end":{"line":3,"column":null}},"1":{"start":{"line":4,"column":12},"end":{"line":4,"column":35}},"2":{"start":{"line":6,"column":4},"end":{"line":8,"column":null}},"3":{"start":{"line":7,"column":8},"end":{"line":7,"column":31}},"4":{"start":{"line":10,"column":4},"end":{"line":12,"column":null}},"5":{"start":{"line":11,"column":8},"end":{"line":11,"column":32}},"6":{"start":{"line":13,"column":0},"end":{"line":13,"column":null}}},"fnMap":{"0":{"name":"(anonymous_1)","decl":{"start":{"line":3,"column":0},"end":{"line":3,"column":null}},"loc":{"start":{"line":3,"column":0},"end":{"line":13,"column":null}}},"1":{"name":"(anonymous_3)","decl":{"start":{"line":6,"column":4},"end":{"line":6,"column":7}},"loc":{"start":{"line":6,"column":21},"end":{"line":8,"column":5}}},"2":{"name":"(anonymous_4)","decl":{"start":{"line":10,"column":4},"end":{"line":10,"column":8}},"loc":{"start":{"line":10,"column":4},"end":{"line":12,"column":5}}}},"branchMap":{},"s":{"0":1,"1":2,"2":1,"3":2,"4":1,"5":2,"6":1},"f":{"0":3,"1":2,"2":2},"b":{}}
}
