TN:
SF:src\ts\domain\Movie.ts
FN:13,(anonymous_0)
FN:14,Movie
FNF:2
FNH:2
FNDA:1,(anonymous_0)
FNDA:1,Movie
DA:13,1
DA:15,1
DA:16,1
DA:17,1
DA:18,1
DA:19,1
DA:20,1
DA:21,1
DA:22,1
DA:23,1
DA:25,1
LF:11
LH:11
BRF:0
BRH:0
end_of_record
TN:
SF:src\ts\domain\MusicAlbum.ts
FN:3,(anonymous_0)
FN:4,MusicAlbum
FNF:2
FNH:2
FNDA:1,(anonymous_0)
FNDA:1,MusicAlbum
DA:3,1
DA:5,1
DA:6,1
DA:7,1
DA:8,1
DA:10,1
LF:6
LH:6
BRF:0
BRH:0
end_of_record
TN:
SF:src\ts\service\Cart.ts
FN:3,(anonymous_1)
FN:6,(anonymous_3)
FN:10,(anonymous_4)
FNF:3
FNH:3
FNDA:3,(anonymous_1)
FNDA:2,(anonymous_3)
FNDA:2,(anonymous_4)
DA:3,1
DA:4,2
DA:6,1
DA:7,2
DA:10,1
DA:11,2
DA:13,1
LF:7
LH:7
BRF:0
BRH:0
end_of_record
